2025/12/29 02:36:10 [notice] 1#1: using the "epoll" event method
2025/12/29 02:36:10 [notice] 1#1: nginx/1.29.4
2025/12/29 02:36:10 [notice] 1#1: built by gcc 15.2.0 (Alpine 15.2.0) 
2025/12/29 02:36:10 [notice] 1#1: OS: Linux 6.6.87.2-microsoft-standard-WSL2
2025/12/29 02:36:10 [notice] 1#1: getrlimit(RLIMIT_NOFILE): 1048576:1048576
2025/12/29 02:36:10 [notice] 1#1: start worker processes
2025/12/29 02:36:10 [notice] 1#1: start worker process 29
2025/12/29 02:36:10 [notice] 1#1: start worker process 30
2025/12/29 02:36:10 [notice] 1#1: start worker process 31
2025/12/29 02:36:10 [notice] 1#1: start worker process 32
2025/12/29 02:36:10 [notice] 1#1: start worker process 33
2025/12/29 02:36:10 [notice] 1#1: start worker process 34
2025/12/29 02:36:10 [notice] 1#1: start worker process 35
2025/12/29 02:36:10 [notice] 1#1: start worker process 36
2025/12/29 02:37:01 [error] 29#29: *1 connect() failed (113: Host is unreachable) while connecting to upstream, client: 172.18.0.1, server: localhost, request: "GET / HTTP/1.1", upstream: "http://172.18.0.5:8080/", host: "localhost"
2025/12/29 02:37:04 [error] 29#29: *1 connect() failed (113: Host is unreachable) while connecting to upstream, client: 172.18.0.1, server: localhost, request: "GET /favicon.ico HTTP/1.1", upstream: "http://172.18.0.5:8080/favicon.ico", host: "localhost", referrer: "http://localhost/"
2025/12/29 02:37:04 [error] 31#31: *5 connect() failed (113: Host is unreachable) while connecting to upstream, client: 172.18.0.1, server: localhost, request: "GET /ws/ws HTTP/1.1", upstream: "http://172.18.0.5:8080/ws/ws", host: "localhost"
2025/12/29 02:54:48 [notice] 1#1: signal 3 (SIGQUIT) received, shutting down
2025/12/29 02:54:48 [notice] 29#29: gracefully shutting down
2025/12/29 02:54:48 [notice] 30#30: gracefully shutting down
2025/12/29 02:54:48 [notice] 31#31: gracefully shutting down
2025/12/29 02:54:48 [notice] 32#32: gracefully shutting down
2025/12/29 02:54:48 [notice] 33#33: gracefully shutting down
2025/12/29 02:54:48 [notice] 34#34: gracefully shutting down
2025/12/29 02:54:48 [notice] 34#34: exiting
2025/12/29 02:54:48 [notice] 35#35: gracefully shutting down
2025/12/29 02:54:48 [notice] 36#36: gracefully shutting down
2025/12/29 02:54:48 [notice] 29#29: exiting
2025/12/29 02:54:48 [notice] 30#30: exiting
2025/12/29 02:54:48 [notice] 31#31: exiting
2025/12/29 02:54:48 [notice] 30#30: exit
2025/12/29 02:54:48 [notice] 32#32: exiting
2025/12/29 02:54:48 [notice] 33#33: exiting
2025/12/29 02:54:48 [notice] 34#34: exit
2025/12/29 02:54:48 [notice] 35#35: exiting
2025/12/29 02:54:48 [notice] 36#36: exiting
2025/12/29 02:54:48 [notice] 29#29: exit
2025/12/29 02:54:48 [notice] 31#31: exit
2025/12/29 02:54:48 [notice] 32#32: exit
2025/12/29 02:54:48 [notice] 33#33: exit
2025/12/29 02:54:48 [notice] 35#35: exit
2025/12/29 02:54:48 [notice] 36#36: exit
2025/12/29 02:54:48 [notice] 1#1: signal 17 (SIGCHLD) received from 29
2025/12/29 02:54:48 [notice] 1#1: worker process 29 exited with code 0
2025/12/29 02:54:48 [notice] 1#1: signal 29 (SIGIO) received
2025/12/29 02:54:48 [notice] 1#1: signal 17 (SIGCHLD) received from 32
2025/12/29 02:54:48 [notice] 1#1: worker process 32 exited with code 0
2025/12/29 02:54:48 [notice] 1#1: worker process 34 exited with code 0
2025/12/29 02:54:48 [notice] 1#1: worker process 36 exited with code 0
2025/12/29 02:54:48 [notice] 1#1: worker process 30 exited with code 0
2025/12/29 02:54:48 [notice] 1#1: worker process 35 exited with code 0
2025/12/29 02:54:48 [notice] 1#1: signal 29 (SIGIO) received
2025/12/29 02:54:48 [notice] 1#1: signal 17 (SIGCHLD) received from 35
2025/12/29 02:54:48 [notice] 1#1: signal 17 (SIGCHLD) received from 31
2025/12/29 02:54:48 [notice] 1#1: worker process 31 exited with code 0
2025/12/29 02:54:48 [notice] 1#1: worker process 33 exited with code 0
2025/12/29 02:54:48 [notice] 1#1: exit
2025/12/29 02:54:50 [notice] 1#1: using the "epoll" event method
2025/12/29 02:54:50 [notice] 1#1: nginx/1.29.4
2025/12/29 02:54:50 [notice] 1#1: built by gcc 15.2.0 (Alpine 15.2.0) 
2025/12/29 02:54:50 [notice] 1#1: OS: Linux 6.6.87.2-microsoft-standard-WSL2
2025/12/29 02:54:50 [notice] 1#1: getrlimit(RLIMIT_NOFILE): 1048576:1048576
2025/12/29 02:54:50 [notice] 1#1: start worker processes
2025/12/29 02:54:50 [notice] 1#1: start worker process 29
2025/12/29 02:54:50 [notice] 1#1: start worker process 30
2025/12/29 02:54:50 [notice] 1#1: start worker process 31
2025/12/29 02:54:50 [notice] 1#1: start worker process 32
2025/12/29 02:54:50 [notice] 1#1: start worker process 33
2025/12/29 02:54:50 [notice] 1#1: start worker process 34
2025/12/29 02:54:50 [notice] 1#1: start worker process 35
2025/12/29 02:54:50 [notice] 1#1: start worker process 36
2025/12/29 02:56:55 [notice] 1#1: signal 3 (SIGQUIT) received, shutting down
2025/12/29 02:56:55 [notice] 31#31: gracefully shutting down
2025/12/29 02:56:55 [notice] 31#31: exiting
2025/12/29 02:56:55 [notice] 29#29: gracefully shutting down
2025/12/29 02:56:55 [notice] 30#30: gracefully shutting down
2025/12/29 02:56:55 [notice] 32#32: gracefully shutting down
2025/12/29 02:56:55 [notice] 34#34: gracefully shutting down
2025/12/29 02:56:55 [notice] 35#35: gracefully shutting down
2025/12/29 02:56:55 [notice] 33#33: gracefully shutting down
2025/12/29 02:56:55 [notice] 36#36: gracefully shutting down
2025/12/29 02:56:55 [notice] 29#29: exiting
2025/12/29 02:56:55 [notice] 31#31: exit
2025/12/29 02:56:55 [notice] 30#30: exiting
2025/12/29 02:56:55 [notice] 32#32: exiting
2025/12/29 02:56:55 [notice] 34#34: exiting
2025/12/29 02:56:55 [notice] 35#35: exiting
2025/12/29 02:56:55 [notice] 34#34: exit
2025/12/29 02:56:55 [notice] 33#33: exiting
2025/12/29 02:56:55 [notice] 36#36: exiting
2025/12/29 02:56:55 [notice] 29#29: exit
2025/12/29 02:56:55 [notice] 30#30: exit
2025/12/29 02:56:55 [notice] 32#32: exit
2025/12/29 02:56:55 [notice] 35#35: exit
2025/12/29 02:56:55 [notice] 33#33: exit
2025/12/29 02:56:55 [notice] 36#36: exit
2025/12/29 02:56:55 [notice] 1#1: signal 17 (SIGCHLD) received from 31
2025/12/29 02:56:55 [notice] 1#1: worker process 29 exited with code 0
2025/12/29 02:56:55 [notice] 1#1: worker process 31 exited with code 0
2025/12/29 02:56:55 [notice] 1#1: worker process 34 exited with code 0
2025/12/29 02:56:55 [notice] 1#1: signal 29 (SIGIO) received
2025/12/29 02:56:55 [notice] 1#1: signal 17 (SIGCHLD) received from 34
2025/12/29 02:56:55 [notice] 1#1: signal 17 (SIGCHLD) received from 32
2025/12/29 02:56:55 [notice] 1#1: worker process 32 exited with code 0
2025/12/29 02:56:55 [notice] 1#1: signal 29 (SIGIO) received
2025/12/29 02:56:55 [notice] 1#1: signal 17 (SIGCHLD) received from 33
2025/12/29 02:56:55 [notice] 1#1: worker process 30 exited with code 0
2025/12/29 02:56:55 [notice] 1#1: worker process 33 exited with code 0
2025/12/29 02:56:55 [notice] 1#1: worker process 35 exited with code 0
2025/12/29 02:56:55 [notice] 1#1: signal 29 (SIGIO) received
2025/12/29 02:56:55 [notice] 1#1: signal 17 (SIGCHLD) received from 30
2025/12/29 02:56:55 [notice] 1#1: signal 17 (SIGCHLD) received from 36
2025/12/29 02:56:55 [notice] 1#1: worker process 36 exited with code 0
2025/12/29 02:56:55 [notice] 1#1: exit
2025/12/29 02:57:32 [notice] 1#1: using the "epoll" event method
2025/12/29 02:57:32 [notice] 1#1: nginx/1.29.4
2025/12/29 02:57:32 [notice] 1#1: built by gcc 15.2.0 (Alpine 15.2.0) 
2025/12/29 02:57:32 [notice] 1#1: OS: Linux 6.6.87.2-microsoft-standard-WSL2
2025/12/29 02:57:32 [notice] 1#1: getrlimit(RLIMIT_NOFILE): 1048576:1048576
2025/12/29 02:57:32 [notice] 1#1: start worker processes
2025/12/29 02:57:32 [notice] 1#1: start worker process 29
2025/12/29 02:57:32 [notice] 1#1: start worker process 30
2025/12/29 02:57:32 [notice] 1#1: start worker process 31
2025/12/29 02:57:32 [notice] 1#1: start worker process 32
2025/12/29 02:57:32 [notice] 1#1: start worker process 33
2025/12/29 02:57:32 [notice] 1#1: start worker process 34
2025/12/29 02:57:32 [notice] 1#1: start worker process 35
2025/12/29 02:57:32 [notice] 1#1: start worker process 36
2025/12/29 03:00:33 [notice] 1#1: signal 3 (SIGQUIT) received, shutting down
2025/12/29 03:00:33 [notice] 31#31: gracefully shutting down
2025/12/29 03:00:33 [notice] 29#29: gracefully shutting down
2025/12/29 03:00:33 [notice] 35#35: gracefully shutting down
2025/12/29 03:00:33 [notice] 30#30: gracefully shutting down
2025/12/29 03:00:33 [notice] 33#33: gracefully shutting down
2025/12/29 03:00:33 [notice] 34#34: gracefully shutting down
2025/12/29 03:00:33 [notice] 32#32: gracefully shutting down
2025/12/29 03:00:33 [notice] 36#36: gracefully shutting down
2025/12/29 03:00:33 [notice] 31#31: exiting
2025/12/29 03:00:33 [notice] 29#29: exiting
2025/12/29 03:00:33 [notice] 35#35: exiting
2025/12/29 03:00:33 [notice] 30#30: exiting
2025/12/29 03:00:33 [notice] 33#33: exiting
2025/12/29 03:00:33 [notice] 34#34: exiting
2025/12/29 03:00:33 [notice] 32#32: exiting
2025/12/29 03:00:33 [notice] 36#36: exiting
2025/12/29 03:00:33 [notice] 31#31: exit
2025/12/29 03:00:33 [notice] 29#29: exit
2025/12/29 03:00:33 [notice] 35#35: exit
2025/12/29 03:00:33 [notice] 30#30: exit
2025/12/29 03:00:33 [notice] 33#33: exit
2025/12/29 03:00:33 [notice] 34#34: exit
2025/12/29 03:00:33 [notice] 32#32: exit
2025/12/29 03:00:33 [notice] 36#36: exit
2025/12/29 03:00:33 [notice] 1#1: signal 17 (SIGCHLD) received from 35
2025/12/29 03:00:33 [notice] 1#1: worker process 32 exited with code 0
2025/12/29 03:00:33 [notice] 1#1: worker process 35 exited with code 0
2025/12/29 03:00:33 [notice] 1#1: signal 29 (SIGIO) received
2025/12/29 03:00:33 [notice] 1#1: signal 17 (SIGCHLD) received from 32
2025/12/29 03:00:33 [notice] 1#1: signal 17 (SIGCHLD) received from 29
2025/12/29 03:00:33 [notice] 1#1: worker process 29 exited with code 0
2025/12/29 03:00:33 [notice] 1#1: worker process 33 exited with code 0
2025/12/29 03:00:33 [notice] 1#1: signal 29 (SIGIO) received
2025/12/29 03:00:33 [notice] 1#1: signal 17 (SIGCHLD) received from 34
2025/12/29 03:00:33 [notice] 1#1: worker process 30 exited with code 0
2025/12/29 03:00:33 [notice] 1#1: worker process 31 exited with code 0
2025/12/29 03:00:33 [notice] 1#1: worker process 34 exited with code 0
2025/12/29 03:00:33 [notice] 1#1: worker process 36 exited with code 0
2025/12/29 03:00:33 [notice] 1#1: exit
2025/12/29 03:00:46 [notice] 1#1: using the "epoll" event method
2025/12/29 03:00:46 [notice] 1#1: nginx/1.29.4
2025/12/29 03:00:46 [notice] 1#1: built by gcc 15.2.0 (Alpine 15.2.0) 
2025/12/29 03:00:46 [notice] 1#1: OS: Linux 6.6.87.2-microsoft-standard-WSL2
2025/12/29 03:00:46 [notice] 1#1: getrlimit(RLIMIT_NOFILE): 1048576:1048576
2025/12/29 03:00:46 [notice] 1#1: start worker processes
2025/12/29 03:00:46 [notice] 1#1: start worker process 29
2025/12/29 03:00:46 [notice] 1#1: start worker process 30
2025/12/29 03:00:46 [notice] 1#1: start worker process 31
2025/12/29 03:00:46 [notice] 1#1: start worker process 32
2025/12/29 03:00:46 [notice] 1#1: start worker process 33
2025/12/29 03:00:46 [notice] 1#1: start worker process 34
2025/12/29 03:00:46 [notice] 1#1: start worker process 35
2025/12/29 03:00:46 [notice] 1#1: start worker process 36
2025/12/29 03:09:16 [notice] 1#1: signal 3 (SIGQUIT) received, shutting down
2025/12/29 03:09:16 [notice] 29#29: gracefully shutting down
2025/12/29 03:09:16 [notice] 30#30: gracefully shutting down
2025/12/29 03:09:16 [notice] 30#30: exiting
2025/12/29 03:09:16 [notice] 31#31: gracefully shutting down
2025/12/29 03:09:16 [notice] 33#33: gracefully shutting down
2025/12/29 03:09:16 [notice] 32#32: gracefully shutting down
2025/12/29 03:09:16 [notice] 34#34: gracefully shutting down
2025/12/29 03:09:16 [notice] 34#34: exiting
2025/12/29 03:09:16 [notice] 35#35: gracefully shutting down
2025/12/29 03:09:16 [notice] 35#35: exiting
2025/12/29 03:09:16 [notice] 36#36: gracefully shutting down
2025/12/29 03:09:16 [notice] 29#29: exiting
2025/12/29 03:09:16 [notice] 30#30: exit
2025/12/29 03:09:16 [notice] 31#31: exiting
2025/12/29 03:09:16 [notice] 33#33: exiting
2025/12/29 03:09:16 [notice] 32#32: exiting
2025/12/29 03:09:16 [notice] 33#33: exit
2025/12/29 03:09:16 [notice] 34#34: exit
2025/12/29 03:09:16 [notice] 35#35: exit
2025/12/29 03:09:16 [notice] 36#36: exiting
2025/12/29 03:09:16 [notice] 29#29: exit
2025/12/29 03:09:16 [notice] 31#31: exit
2025/12/29 03:09:16 [notice] 32#32: exit
2025/12/29 03:09:16 [notice] 36#36: exit
2025/12/29 03:09:16 [notice] 1#1: signal 17 (SIGCHLD) received from 29
2025/12/29 03:09:16 [notice] 1#1: worker process 29 exited with code 0
2025/12/29 03:09:16 [notice] 1#1: signal 29 (SIGIO) received
2025/12/29 03:09:16 [notice] 1#1: signal 17 (SIGCHLD) received from 32
2025/12/29 03:09:16 [notice] 1#1: worker process 32 exited with code 0
2025/12/29 03:09:16 [notice] 1#1: signal 29 (SIGIO) received
2025/12/29 03:09:16 [notice] 1#1: signal 17 (SIGCHLD) received from 30
2025/12/29 03:09:16 [notice] 1#1: worker process 30 exited with code 0
2025/12/29 03:09:16 [notice] 1#1: worker process 33 exited with code 0
2025/12/29 03:09:16 [notice] 1#1: worker process 34 exited with code 0
2025/12/29 03:09:16 [notice] 1#1: worker process 35 exited with code 0
2025/12/29 03:09:16 [notice] 1#1: worker process 36 exited with code 0
2025/12/29 03:09:16 [notice] 1#1: signal 29 (SIGIO) received
2025/12/29 03:09:16 [notice] 1#1: signal 17 (SIGCHLD) received from 33
2025/12/29 03:09:16 [notice] 1#1: signal 17 (SIGCHLD) received from 31
2025/12/29 03:09:16 [notice] 1#1: worker process 31 exited with code 0
2025/12/29 03:09:16 [notice] 1#1: exit
2025/12/29 03:12:04 [notice] 1#1: using the "epoll" event method
2025/12/29 03:12:04 [notice] 1#1: nginx/1.29.4
2025/12/29 03:12:04 [notice] 1#1: built by gcc 15.2.0 (Alpine 15.2.0) 
2025/12/29 03:12:04 [notice] 1#1: OS: Linux 6.6.87.2-microsoft-standard-WSL2
2025/12/29 03:12:04 [notice] 1#1: getrlimit(RLIMIT_NOFILE): 1048576:1048576
2025/12/29 03:12:04 [notice] 1#1: start worker processes
2025/12/29 03:12:04 [notice] 1#1: start worker process 29
2025/12/29 03:12:04 [notice] 1#1: start worker process 30
2025/12/29 03:12:04 [notice] 1#1: start worker process 31
2025/12/29 03:12:04 [notice] 1#1: start worker process 32
2025/12/29 03:12:04 [notice] 1#1: start worker process 33
2025/12/29 03:12:04 [notice] 1#1: start worker process 34
2025/12/29 03:12:04 [notice] 1#1: start worker process 35
2025/12/29 03:12:04 [notice] 1#1: start worker process 36
2025/12/29 03:24:07 [notice] 1#1: signal 3 (SIGQUIT) received, shutting down
2025/12/29 03:24:07 [notice] 31#31: gracefully shutting down
2025/12/29 03:24:07 [notice] 31#31: exiting
2025/12/29 03:24:07 [notice] 29#29: gracefully shutting down
2025/12/29 03:24:07 [notice] 30#30: gracefully shutting down
2025/12/29 03:24:07 [notice] 36#36: gracefully shutting down
2025/12/29 03:24:07 [notice] 32#32: gracefully shutting down
2025/12/29 03:24:07 [notice] 33#33: gracefully shutting down
2025/12/29 03:24:07 [notice] 34#34: gracefully shutting down
2025/12/29 03:24:07 [notice] 35#35: gracefully shutting down
2025/12/29 03:24:07 [notice] 31#31: exit
2025/12/29 03:24:07 [notice] 29#29: exiting
2025/12/29 03:24:07 [notice] 30#30: exiting
2025/12/29 03:24:07 [notice] 36#36: exiting
2025/12/29 03:24:07 [notice] 29#29: exit
2025/12/29 03:24:07 [notice] 32#32: exiting
2025/12/29 03:24:07 [notice] 32#32: exit
2025/12/29 03:24:07 [notice] 33#33: exiting
2025/12/29 03:24:07 [notice] 33#33: exit
2025/12/29 03:24:07 [notice] 34#34: exiting
2025/12/29 03:24:07 [notice] 35#35: exiting
2025/12/29 03:24:07 [notice] 30#30: exit
2025/12/29 03:24:07 [notice] 35#35: exit
2025/12/29 03:24:07 [notice] 36#36: exit
2025/12/29 03:24:07 [notice] 34#34: exit
2025/12/29 03:24:07 [notice] 1#1: signal 17 (SIGCHLD) received from 33
2025/12/29 03:24:07 [notice] 1#1: worker process 33 exited with code 0
2025/12/29 03:24:07 [notice] 1#1: signal 29 (SIGIO) received
2025/12/29 03:24:07 [notice] 1#1: signal 17 (SIGCHLD) received from 30
2025/12/29 03:24:07 [notice] 1#1: worker process 30 exited with code 0
2025/12/29 03:24:07 [notice] 1#1: signal 29 (SIGIO) received
2025/12/29 03:24:07 [notice] 1#1: signal 17 (SIGCHLD) received from 29
2025/12/29 03:24:07 [notice] 1#1: worker process 29 exited with code 0
2025/12/29 03:24:07 [notice] 1#1: worker process 31 exited with code 0
2025/12/29 03:24:07 [notice] 1#1: worker process 32 exited with code 0
2025/12/29 03:24:07 [notice] 1#1: worker process 34 exited with code 0
2025/12/29 03:24:07 [notice] 1#1: worker process 35 exited with code 0
2025/12/29 03:24:07 [notice] 1#1: worker process 36 exited with code 0
2025/12/29 03:24:07 [notice] 1#1: exit
2025/12/29 03:24:31 [notice] 1#1: using the "epoll" event method
2025/12/29 03:24:31 [notice] 1#1: nginx/1.29.4
2025/12/29 03:24:31 [notice] 1#1: built by gcc 15.2.0 (Alpine 15.2.0) 
2025/12/29 03:24:31 [notice] 1#1: OS: Linux 6.6.87.2-microsoft-standard-WSL2
2025/12/29 03:24:31 [notice] 1#1: getrlimit(RLIMIT_NOFILE): 1048576:1048576
2025/12/29 03:24:31 [notice] 1#1: start worker processes
2025/12/29 03:24:31 [notice] 1#1: start worker process 29
2025/12/29 03:24:31 [notice] 1#1: start worker process 30
2025/12/29 03:24:31 [notice] 1#1: start worker process 31
2025/12/29 03:24:31 [notice] 1#1: start worker process 32
2025/12/29 03:24:31 [notice] 1#1: start worker process 33
2025/12/29 03:24:31 [notice] 1#1: start worker process 34
2025/12/29 03:24:31 [notice] 1#1: start worker process 35
2025/12/29 03:24:31 [notice] 1#1: start worker process 36
2025/12/29 03:37:01 [notice] 1#1: signal 3 (SIGQUIT) received, shutting down
2025/12/29 03:37:01 [notice] 29#29: gracefully shutting down
2025/12/29 03:37:01 [notice] 30#30: gracefully shutting down
2025/12/29 03:37:01 [notice] 32#32: gracefully shutting down
2025/12/29 03:37:01 [notice] 33#33: gracefully shutting down
2025/12/29 03:37:01 [notice] 33#33: exiting
2025/12/29 03:37:01 [notice] 34#34: gracefully shutting down
2025/12/29 03:37:01 [notice] 34#34: exiting
2025/12/29 03:37:01 [notice] 31#31: gracefully shutting down
2025/12/29 03:37:01 [notice] 31#31: exiting
2025/12/29 03:37:01 [notice] 35#35: gracefully shutting down
2025/12/29 03:37:01 [notice] 35#35: exiting
2025/12/29 03:37:01 [notice] 36#36: gracefully shutting down
2025/12/29 03:37:01 [notice] 36#36: exiting
2025/12/29 03:37:01 [notice] 29#29: exiting
2025/12/29 03:37:01 [notice] 30#30: exiting
2025/12/29 03:37:01 [notice] 32#32: exiting
2025/12/29 03:37:01 [notice] 33#33: exit
2025/12/29 03:37:01 [notice] 32#32: exit
2025/12/29 03:37:01 [notice] 34#34: exit
2025/12/29 03:37:01 [notice] 31#31: exit
2025/12/29 03:37:01 [notice] 35#35: exit
2025/12/29 03:37:01 [notice] 36#36: exit
2025/12/29 03:37:01 [notice] 29#29: exit
2025/12/29 03:37:01 [notice] 30#30: exit
2025/12/29 03:37:01 [notice] 1#1: signal 17 (SIGCHLD) received from 29
2025/12/29 03:37:01 [notice] 1#1: worker process 29 exited with code 0
2025/12/29 03:37:01 [notice] 1#1: worker process 33 exited with code 0
2025/12/29 03:37:01 [notice] 1#1: signal 29 (SIGIO) received
2025/12/29 03:37:01 [notice] 1#1: signal 17 (SIGCHLD) received from 34
2025/12/29 03:37:01 [notice] 1#1: worker process 31 exited with code 0
2025/12/29 03:37:01 [notice] 1#1: worker process 32 exited with code 0
2025/12/29 03:37:01 [notice] 1#1: worker process 34 exited with code 0
2025/12/29 03:37:01 [notice] 1#1: signal 29 (SIGIO) received
2025/12/29 03:37:01 [notice] 1#1: signal 17 (SIGCHLD) received from 32
2025/12/29 03:37:01 [notice] 1#1: signal 17 (SIGCHLD) received from 35
2025/12/29 03:37:01 [notice] 1#1: worker process 35 exited with code 0
2025/12/29 03:37:01 [notice] 1#1: signal 29 (SIGIO) received
2025/12/29 03:37:01 [notice] 1#1: signal 17 (SIGCHLD) received from 30
2025/12/29 03:37:01 [notice] 1#1: worker process 30 exited with code 0
2025/12/29 03:37:01 [notice] 1#1: signal 29 (SIGIO) received
2025/12/29 03:37:01 [notice] 1#1: signal 17 (SIGCHLD) received from 36
2025/12/29 03:37:01 [notice] 1#1: worker process 36 exited with code 0
2025/12/29 03:37:01 [notice] 1#1: exit
2025/12/29 03:37:02 [notice] 1#1: using the "epoll" event method
2025/12/29 03:37:02 [notice] 1#1: nginx/1.29.4
2025/12/29 03:37:02 [notice] 1#1: built by gcc 15.2.0 (Alpine 15.2.0) 
2025/12/29 03:37:02 [notice] 1#1: OS: Linux 6.6.87.2-microsoft-standard-WSL2
2025/12/29 03:37:02 [notice] 1#1: getrlimit(RLIMIT_NOFILE): 1048576:1048576
2025/12/29 03:37:02 [notice] 1#1: start worker processes
2025/12/29 03:37:02 [notice] 1#1: start worker process 29
2025/12/29 03:37:02 [notice] 1#1: start worker process 30
2025/12/29 03:37:02 [notice] 1#1: start worker process 31
2025/12/29 03:37:02 [notice] 1#1: start worker process 32
2025/12/29 03:37:02 [notice] 1#1: start worker process 33
2025/12/29 03:37:02 [notice] 1#1: start worker process 34
2025/12/29 03:37:02 [notice] 1#1: start worker process 35
2025/12/29 03:37:02 [notice] 1#1: start worker process 36
2025/12/29 04:03:36 [notice] 1#1: using the "epoll" event method
2025/12/29 04:03:36 [notice] 1#1: nginx/1.29.4
2025/12/29 04:03:36 [notice] 1#1: built by gcc 15.2.0 (Alpine 15.2.0) 
2025/12/29 04:03:36 [notice] 1#1: OS: Linux 6.8.0-71-generic
2025/12/29 04:03:36 [notice] 1#1: getrlimit(RLIMIT_NOFILE): 1024:524288
2025/12/29 04:03:36 [notice] 1#1: start worker processes
2025/12/29 04:03:36 [notice] 1#1: start worker process 29
2025/12/29 04:03:36 [notice] 1#1: start worker process 30
2025/12/29 04:21:26 [notice] 37#37: signal process started
2025/12/29 04:21:26 [notice] 1#1: signal 1 (SIGHUP) received from 37, reconfiguring
2025/12/29 04:21:26 [notice] 1#1: reconfiguring
2025/12/29 04:21:26 [notice] 1#1: using the "epoll" event method
2025/12/29 04:21:26 [notice] 1#1: start worker processes
2025/12/29 04:21:26 [notice] 1#1: start worker process 43
2025/12/29 04:21:26 [notice] 1#1: start worker process 44
2025/12/29 04:21:26 [notice] 29#29: gracefully shutting down
2025/12/29 04:21:26 [notice] 30#30: gracefully shutting down
2025/12/29 04:21:26 [notice] 29#29: exiting
2025/12/29 04:21:26 [notice] 30#30: exiting
2025/12/29 04:21:26 [notice] 30#30: exit
2025/12/29 04:21:26 [notice] 29#29: exit
2025/12/29 04:21:26 [notice] 1#1: signal 17 (SIGCHLD) received from 29
2025/12/29 04:21:26 [notice] 1#1: worker process 29 exited with code 0
2025/12/29 04:21:26 [notice] 1#1: worker process 30 exited with code 0
2025/12/29 04:21:26 [notice] 1#1: signal 29 (SIGIO) received
2025/12/29 04:28:58 [notice] 51#51: signal process started
2025/12/29 04:28:58 [notice] 1#1: signal 1 (SIGHUP) received from 51, reconfiguring
2025/12/29 04:28:58 [notice] 1#1: reconfiguring
2025/12/29 04:28:58 [notice] 1#1: using the "epoll" event method
2025/12/29 04:28:58 [notice] 1#1: start worker processes
2025/12/29 04:28:58 [notice] 1#1: start worker process 57
2025/12/29 04:28:58 [notice] 1#1: start worker process 58
2025/12/29 04:28:58 [notice] 43#43: gracefully shutting down
2025/12/29 04:28:58 [notice] 43#43: exiting
2025/12/29 04:28:58 [notice] 43#43: exit
2025/12/29 04:28:58 [notice] 44#44: gracefully shutting down
2025/12/29 04:28:58 [notice] 44#44: exiting
2025/12/29 04:28:58 [notice] 44#44: exit
2025/12/29 04:28:58 [notice] 1#1: signal 17 (SIGCHLD) received from 43
2025/12/29 04:28:58 [notice] 1#1: worker process 43 exited with code 0
2025/12/29 04:28:58 [notice] 1#1: signal 29 (SIGIO) received
2025/12/29 04:28:58 [notice] 1#1: signal 17 (SIGCHLD) received from 44
2025/12/29 04:28:58 [notice] 1#1: worker process 44 exited with code 0
2025/12/29 04:28:58 [notice] 1#1: signal 29 (SIGIO) received
2025/12/29 13:45:11 [notice] 1#1: signal 3 (SIGQUIT) received, shutting down
2025/12/29 13:45:11 [notice] 57#57: gracefully shutting down
2025/12/29 13:45:11 [notice] 58#58: gracefully shutting down
2025/12/29 13:45:11 [notice] 57#57: exiting
2025/12/29 13:45:11 [notice] 58#58: exiting
2025/12/29 13:45:11 [notice] 58#58: exit
2025/12/29 13:45:11 [notice] 57#57: exit
2025/12/29 13:45:11 [notice] 1#1: signal 17 (SIGCHLD) received from 58
2025/12/29 13:45:11 [notice] 1#1: worker process 58 exited with code 0
2025/12/29 13:45:11 [notice] 1#1: signal 29 (SIGIO) received
2025/12/29 13:45:11 [notice] 1#1: signal 17 (SIGCHLD) received from 57
2025/12/29 13:45:11 [notice] 1#1: worker process 57 exited with code 0
2025/12/29 13:45:11 [notice] 1#1: exit
